<?xml version="1.0" encoding="UTF-8"?>
<!-- Generated by org.testng.reporters.JUnitReportReporter -->
<testsuite hostname="Teju" failures="0" tests="1" name="ConfigurationAnnotation" time="0.017" errors="0" timestamp="2025-01-07T11:36:57 IST" skipped="0">
  <testcase classname="ConfigurationAnnotation" name="demo" time="0.017"/>
  <system-out>
    <![CDATA[@Test(demo)executed]]>
  </system-out>
</testsuite> <!-- ConfigurationAnnotation -->
