<?xml version="1.0" encoding="UTF-8"?>
<!-- Generated by org.testng.reporters.JUnitReportReporter -->
<testsuite hostname="Teju" failures="0" tests="1" name="Comapny1.WiproTest" time="4.630" errors="0" timestamp="2025-01-20T19:38:29 IST" skipped="0">
  <testcase classname="Comapny1.WiproTest" name="launch" time="4.630"/>
  <system-out>
    <![CDATA[Wipro succssfully launched]]>
  </system-out>
</testsuite> <!-- Comapny1.WiproTest -->
