<?xml version="1.0" encoding="UTF-8"?>
<!-- Generated by org.testng.reporters.JUnitReportReporter -->
<testsuite hostname="Teju" failures="0" tests="1" name="BigCars.Bmw" time="5.860" errors="0" timestamp="2025-01-06T19:08:11 IST" skipped="0">
  <testcase classname="BigCars.Bmw" name="launch" time="5.860"/>
  <system-out>
    <![CDATA[BMW Successfully launched]]>
  </system-out>
</testsuite> <!-- BigCars.Bmw -->
