<?xml version="1.0" encoding="UTF-8"?>
<!-- Generated by org.testng.reporters.JUnitReportReporter -->
<testsuite hostname="Teju" failures="0" tests="1" name="Cars.FerrariTest" time="4.313" errors="0" timestamp="2025-01-20T10:48:15 IST" skipped="0">
  <testcase classname="Cars.FerrariTest" name="launch" time="4.313"/>
  <system-out>
    <![CDATA[Ferrari launched successfully]]>
  </system-out>
</testsuite> <!-- Cars.FerrariTest -->
