<?xml version="1.0" encoding="UTF-8"?>
<!-- Generated by org.testng.reporters.JUnitReportReporter -->
<testsuite hostname="Teju" failures="0" tests="1" name="Cars.KiaTest" time="10.569" errors="0" timestamp="2025-01-20T11:11:10 IST" skipped="0">
  <testcase classname="Cars.KiaTest" name="launch" time="10.569"/>
  <system-out>
    <![CDATA[Kia launched successfully]]>
  </system-out>
</testsuite> <!-- Cars.KiaTest -->
