<?xml version="1.0" encoding="UTF-8"?>
<!-- Generated by org.testng.reporters.JUnitReportReporter -->
<testsuite hostname="Teju" failures="0" tests="1" name="Cars.Ferrari" time="4.465" errors="0" timestamp="2025-01-06T11:22:56 IST" skipped="0">
  <testcase classname="Cars.Ferrari" name="launch" time="4.465"/>
  <system-out>
    <![CDATA[Ferrari launched successfully]]>
  </system-out>
</testsuite> <!-- Cars.Ferrari -->
