<?xml version="1.0" encoding="UTF-8"?>
<!-- Generated by org.testng.reporters.JUnitReportReporter -->
<testsuite hostname="Teju" failures="0" tests="1" name="ExtentReport.ToAddScrenshotIntoReport" time="10.449" errors="0" timestamp="2025-01-22T18:11:34 IST" skipped="0">
  <testcase classname="ExtentReport.ToAddScrenshotIntoReport" name="addScreenshot" time="10.449"/>
  <system-out/>
</testsuite> <!-- ExtentReport.ToAddScrenshotIntoReport -->
