<?xml version="1.0" encoding="UTF-8"?>
<!-- Generated by org.testng.reporters.JUnitReportReporter -->
<testsuite hostname="Teju" failures="0" tests="1" name="Demo1.Sample" time="0.014" errors="0" timestamp="2025-01-17T11:48:36 IST" skipped="0">
  <testcase classname="Demo1.Sample" name="launch" time="0.014"/>
  <system-out>
    <![CDATA[Sample class executes]]>
  </system-out>
</testsuite> <!-- Demo1.Sample -->
