<?xml version="1.0" encoding="UTF-8"?>
<!-- Generated by org.testng.reporters.JUnitReportReporter -->
<testsuite hostname="Teju" failures="0" tests="1" name="ExtentReport.ToLearnextentReports" time="0.574" errors="0" timestamp="2025-01-22T11:12:08 IST" skipped="0">
  <testcase classname="ExtentReport.ToLearnextentReports" name="CreateReport" time="0.574"/>
  <system-out/>
</testsuite> <!-- ExtentReport.ToLearnextentReports -->
