<?xml version="1.0" encoding="UTF-8"?>
<!-- Generated by org.testng.reporters.JUnitReportReporter -->
<testsuite hostname="Teju" failures="0" tests="1" name="Cars.AudiTest" time="3.650" errors="0" timestamp="2025-01-06T11:22:56 IST" skipped="0">
  <testcase classname="Cars.AudiTest" name="launch" time="3.650"/>
  <system-out>
    <![CDATA[Audi launched successfully]]>
  </system-out>
</testsuite> <!-- Cars.AudiTest -->
