<?xml version="1.0" encoding="UTF-8"?>
<!-- Generated by org.testng.reporters.JUnitReportReporter -->
<testsuite hostname="Teju" failures="0" tests="1" name="Comapny1.TcsTest" time="2.620" errors="0" timestamp="2025-01-20T20:04:30 IST" skipped="0">
  <testcase classname="Comapny1.TcsTest" name="launch" time="2.620"/>
  <system-out>
    <![CDATA[succssfully launched]]>
  </system-out>
</testsuite> <!-- Comapny1.TcsTest -->
