<?xml version="1.0" encoding="UTF-8"?>
<!-- Generated by org.testng.reporters.JUnitReportReporter -->
<testsuite hostname="Teju" failures="0" tests="1" name="BigCars.R15" time="3.520" errors="0" timestamp="2025-01-06T19:08:11 IST" skipped="0">
  <testcase classname="BigCars.R15" name="launch" time="3.520"/>
  <system-out>
    <![CDATA[R15 Successfully launched]]>
  </system-out>
</testsuite> <!-- BigCars.R15 -->
