<?xml version="1.0" encoding="UTF-8"?>
<!-- Generated by org.testng.reporters.JUnitReportReporter -->
<testsuite hostname="Teju" failures="0" tests="3" name="Testing.ToLearnTesting" time="0.015" errors="0" timestamp="2024-10-17T12:57:02 IST" skipped="0">
  <testcase classname="Testing.ToLearnTesting" name="sample" time="0.001"/>
  <system-out>
    <![CDATA[sample testcase executed]]>
  </system-out>
  <testcase classname="Testing.ToLearnTesting" name="add" time="0.012"/>
  <system-out>
    <![CDATA[add testcase executed]]>
  </system-out>
  <testcase classname="Testing.ToLearnTesting" name="demo" time="0.002"/>
  <system-out>
    <![CDATA[demo testcase executed]]>
  </system-out>
</testsuite> <!-- Testing.ToLearnTesting -->
