<?xml version="1.0" encoding="UTF-8"?>
<!-- Generated by org.testng.reporters.JUnitReportReporter -->
<testsuite hostname="Teju" failures="0" tests="1" name="Comapny1.InfosysTest" time="5.095" errors="0" timestamp="2025-01-20T20:04:17 IST" skipped="0">
  <testcase classname="Comapny1.InfosysTest" name="launch" time="5.095"/>
  <system-out>
    <![CDATA[succssfully launched]]>
  </system-out>
</testsuite> <!-- Comapny1.InfosysTest -->
