<?xml version="1.0" encoding="UTF-8"?>
<!-- Generated by org.testng.reporters.JUnitReportReporter -->
<testsuite hostname="Teju" failures="0" tests="5" name="Testing.AnnotationsAttributes" time="23.354" errors="0" timestamp="2025-01-15T18:12:23 IST" skipped="1">
  <testcase classname="Testing.AnnotationsAttributes" name="register" time="6.526"/>
  <system-out>
    <![CDATA[Register is successfull]]>
  </system-out>
  <testcase classname="Testing.AnnotationsAttributes" name="register" time="3.799"/>
  <system-out>
    <![CDATA[Register is successfull]]>
  </system-out>
  <testcase classname="Testing.AnnotationsAttributes" name="register" time="6.515"/>
  <system-out>
    <![CDATA[Register is successfull]]>
  </system-out>
  <testcase classname="Testing.AnnotationsAttributes" name="register" time="6.514"/>
  <system-out>
    <![CDATA[Register is successfull]]>
  </system-out>
  <testcase classname="Testing.AnnotationsAttributes" name="login">
    <skipped/>
  </testcase> <!-- login -->
  <system-out/>
</testsuite> <!-- Testing.AnnotationsAttributes -->
