<?xml version="1.0" encoding="UTF-8"?>
<!-- Generated by org.testng.reporters.JUnitReportReporter -->
<testsuite hostname="Teju" failures="0" tests="3" name="Testing.DependsOnMethods" time="16.199" errors="0" timestamp="2024-10-18T12:47:30 IST" skipped="0">
  <testcase classname="Testing.DependsOnMethods" name="login" time="5.582"/>
  <system-out>
    <![CDATA[Login is successfull]]>
  </system-out>
  <testcase classname="Testing.DependsOnMethods" name="addToCart" time="4.715"/>
  <system-out>
    <![CDATA[product added to cart successfull]]>
  </system-out>
  <testcase classname="Testing.DependsOnMethods" name="register" time="5.902"/>
  <system-out>
    <![CDATA[register is successfull]]>
  </system-out>
</testsuite> <!-- Testing.DependsOnMethods -->
