<?xml version="1.0" encoding="UTF-8"?>
<!-- Generated by org.testng.reporters.JUnitReportReporter -->
<testsuite hostname="Teju" failures="0" tests="1" name="BigCars.Dsire" time="5.485" errors="0" timestamp="2025-01-06T19:19:37 IST" skipped="0">
  <testcase classname="BigCars.Dsire" name="launch" time="5.485"/>
  <system-out>
    <![CDATA[Dsizre Successfully launched]]>
  </system-out>
</testsuite> <!-- BigCars.Dsire -->
